Arguments: 
  /Users/orta/.asdf/installs/nodejs/10.16.0/bin/node /Users/orta/.asdf/installs/nodejs/10.16.0/.npm/bin/yarn add typescrpipt

PATH: 
  /Users/orta/.asdf/installs/nodejs/10.16.0/bin:/Users/orta/.asdf/installs/nodejs/10.16.0/.npm/bin::/Users/orta/.asdf/shims:/Users/orta/Library/Android/sdk/platform-tools:/Users/orta/Library/Android/sdk/tools/bin:/Users/orta/Library/Android/sdk/platform-tools:/Users/orta/Library/Android/sdk/tools:/Users/orta/Library/Android/sdk/platform-tools:/Users/orta/Library/Android/sdk/tools/bin:/Users/orta/Library/Android/sdk/platform-tools:/Users/orta/Library/Android/sdk/emulator:/Users/orta/Library/Android/sdk/platform-tools:/Users/orta/Library/Android/sdk/tools/bin:/Users/orta/Library/Android/sdk/platform-tools:/Users/orta/Library/Android/sdk/tools:/Users/orta/Library/Android/sdk/platform-tools:/Users/orta/Library/Android/sdk/tools/bin:/Users/orta/Library/Android/sdk/platform-tools:/Users/orta/.asdf/bin:/Users/orta/Library/Android/sdk/platform-tools:/Users/orta/Library/Android/sdk/tools/bin:/Users/orta/Library/Android/sdk/platform-tools:/Users/orta/Library/Android/sdk/tools:/Users/orta/Library/Android/sdk/platform-tools:/Users/orta/Library/Android/sdk/tools/bin:/Users/orta/Library/Android/sdk/platform-tools:/Users/orta/Library/Android/sdk/emulator:/Users/orta/Library/Android/sdk/platform-tools:/Users/orta/Library/Android/sdk/tools/bin:/Users/orta/Library/Android/sdk/platform-tools:/Users/orta/Library/Android/sdk/tools:/Users/orta/Library/Android/sdk/platform-tools:/Users/orta/Library/Android/sdk/tools/bin:/Users/orta/Library/Android/sdk/platform-tools:/usr/local/bin:/Users/orta/Library/Android/sdk/platform-tools:/Users/orta/Library/Android/sdk/tools/bin:/Users/orta/Library/Android/sdk/platform-tools:/Users/orta/Library/Android/sdk/tools:/Users/orta/Library/Android/sdk/platform-tools:/Users/orta/Library/Android/sdk/tools/bin:/Users/orta/Library/Android/sdk/platform-tools:/Users/orta/Library/Android/sdk/emulator:/Users/orta/Library/Android/sdk/platform-tools:/Users/orta/Library/Android/sdk/tools/bin:/Users/orta/Library/Android/sdk/platform-tools:/Users/orta/Library/Android/sdk/tools:/Users/orta/Library/Android/sdk/platform-tools:/Users/orta/Library/Android/sdk/tools/bin:/Users/orta/Library/Android/sdk/platform-tools:/usr/bin:/Users/orta/Library/Android/sdk/platform-tools:/Users/orta/Library/Android/sdk/tools/bin:/Users/orta/Library/Android/sdk/platform-tools:/Users/orta/Library/Android/sdk/tools:/Users/orta/Library/Android/sdk/platform-tools:/Users/orta/Library/Android/sdk/tools/bin:/Users/orta/Library/Android/sdk/platform-tools:/Users/orta/Library/Android/sdk/emulator:/Users/orta/Library/Android/sdk/platform-tools:/Users/orta/Library/Android/sdk/tools/bin:/Users/orta/Library/Android/sdk/platform-tools:/Users/orta/Library/Android/sdk/tools:/Users/orta/Library/Android/sdk/platform-tools:/Users/orta/Library/Android/sdk/tools/bin:/Users/orta/Library/Android/sdk/platform-tools:/bin:/Users/orta/Library/Android/sdk/platform-tools:/Users/orta/Library/Android/sdk/tools/bin:/Users/orta/Library/Android/sdk/platform-tools:/Users/orta/Library/Android/sdk/tools:/Users/orta/Library/Android/sdk/platform-tools:/Users/orta/Library/Android/sdk/tools/bin:/Users/orta/Library/Android/sdk/platform-tools:/Users/orta/Library/Android/sdk/emulator:/Users/orta/Library/Android/sdk/platform-tools:/Users/orta/Library/Android/sdk/tools/bin:/Users/orta/Library/Android/sdk/platform-tools:/Users/orta/Library/Android/sdk/tools:/Users/orta/Library/Android/sdk/platform-tools:/Users/orta/Library/Android/sdk/tools/bin:/Users/orta/Library/Android/sdk/platform-tools:/usr/sbin:/Users/orta/Library/Android/sdk/platform-tools:/Users/orta/Library/Android/sdk/tools/bin:/Users/orta/Library/Android/sdk/platform-tools:/Users/orta/Library/Android/sdk/tools:/Users/orta/Library/Android/sdk/platform-tools:/Users/orta/Library/Android/sdk/tools/bin:/Users/orta/Library/Android/sdk/platform-tools:/Users/orta/Library/Android/sdk/emulator:/Users/orta/Library/Android/sdk/platform-tools:/Users/orta/Library/Android/sdk/tools/bin:/Users/orta/Library/Android/sdk/platform-tools:/Users/orta/Library/Android/sdk/tools:/Users/orta/Library/Android/sdk/platform-tools:/Users/orta/Library/Android/sdk/tools/bin:/Users/orta/Library/Android/sdk/platform-tools:/sbin:/Users/orta/Library/Android/sdk/platform-tools:/Users/orta/Library/Android/sdk/tools/bin:/Users/orta/Library/Android/sdk/platform-tools:/Users/orta/Library/Android/sdk/tools:/Users/orta/Library/Android/sdk/platform-tools:/Users/orta/Library/Android/sdk/tools/bin:/Users/orta/Library/Android/sdk/platform-tools:/Users/orta/Library/Android/sdk/emulator:/Users/orta/Library/Android/sdk/platform-tools:/Users/orta/Library/Android/sdk/tools/bin:/Users/orta/Library/Android/sdk/platform-tools:/Users/orta/Library/Android/sdk/tools:/Users/orta/Library/Android/sdk/platform-tools:/Users/orta/Library/Android/sdk/tools/bin:/Users/orta/Library/Android/sdk/platform-tools:/Library/Apple/usr/bin:/Users/orta/Library/Android/sdk/platform-tools:/Users/orta/Library/Android/sdk/tools/bin:/Users/orta/Library/Android/sdk/platform-tools:/Users/orta/Library/Android/sdk/tools:/Users/orta/Library/Android/sdk/platform-tools:/Users/orta/Library/Android/sdk/tools/bin:/Users/orta/Library/Android/sdk/platform-tools:/Users/orta/Library/Android/sdk/emulator:/Users/orta/Library/Android/sdk/platform-tools:/Users/orta/Library/Android/sdk/tools/bin:/Users/orta/Library/Android/sdk/platform-tools:/Users/orta/Library/Android/sdk/tools:/Users/orta/Library/Android/sdk/platform-tools:/Users/orta/Library/Android/sdk/tools/bin:/Users/orta/Library/Android/sdk/platform-tools:/Library/Apple/bin:/Users/orta/Library/Android/sdk/platform-tools:/Users/orta/Library/Android/sdk/tools/bin:/Users/orta/Library/Android/sdk/platform-tools:/Users/orta/Library/Android/sdk/tools:/Users/orta/Library/Android/sdk/platform-tools:/Users/orta/Library/Android/sdk/tools/bin:/Users/orta/Library/Android/sdk/platform-tools:/Users/orta/Library/Android/sdk/emulator:/Users/orta/Library/Android/sdk/platform-tools:/Users/orta/Library/Android/sdk/tools/bin:/Users/orta/Library/Android/sdk/platform-tools:/Users/orta/Library/Android/sdk/tools:/Users/orta/Library/Android/sdk/platform-tools:/Users/orta/Library/Android/sdk/tools/bin:/Users/orta/Library/Android/sdk/platform-tools:/opt/X11/bin:/Users/orta/Library/Android/sdk/platform-tools:/Users/orta/Library/Android/sdk/tools/bin:/Users/orta/Library/Android/sdk/platform-tools:/Users/orta/Library/Android/sdk/tools:/Users/orta/Library/Android/sdk/platform-tools:/Users/orta/Library/Android/sdk/tools/bin:/Users/orta/Library/Android/sdk/platform-tools:/Users/orta/Library/Android/sdk/emulator:/Users/orta/Library/Android/sdk/platform-tools:/Users/orta/Library/Android/sdk/tools/bin:/Users/orta/Library/Android/sdk/platform-tools:/Users/orta/Library/Android/sdk/tools:/Users/orta/Library/Android/sdk/platform-tools:/Users/orta/Library/Android/sdk/tools/bin:/Users/orta/Library/Android/sdk/platform-tools:/Library/Frameworks/GTK+.framework/Resources/bin:/Users/orta/Library/Android/sdk/platform-tools:/Users/orta/Library/Android/sdk/tools/bin:/Users/orta/Library/Android/sdk/platform-tools:/Users/orta/Library/Android/sdk/tools:/Users/orta/Library/Android/sdk/platform-tools:/Users/orta/Library/Android/sdk/tools/bin:/Users/orta/Library/Android/sdk/platform-tools:/Users/orta/Library/Android/sdk/emulator:/Users/orta/Library/Android/sdk/platform-tools:/Users/orta/Library/Android/sdk/tools/bin:/Users/orta/Library/Android/sdk/platform-tools:/Users/orta/Library/Android/sdk/tools:/Users/orta/Library/Android/sdk/platform-tools:/Users/orta/Library/Android/sdk/tools/bin:/Users/orta/Library/Android/sdk/platform-tools

Yarn version: 
  1.16.0

Node version: 
  10.16.0

Platform: 
  darwin x64

Trace: 
  Error: https://registry.yarnpkg.com/typescrpipt: Not found
      at Request.params.callback [as _callback] (/Users/orta/.asdf/installs/nodejs/10.16.0/.npm/lib/node_modules/yarn/lib/cli.js:66091:18)
      at Request.self.callback (/Users/orta/.asdf/installs/nodejs/10.16.0/.npm/lib/node_modules/yarn/lib/cli.js:129590:22)
      at Request.emit (events.js:198:13)
      at Request.<anonymous> (/Users/orta/.asdf/installs/nodejs/10.16.0/.npm/lib/node_modules/yarn/lib/cli.js:130562:10)
      at Request.emit (events.js:198:13)
      at IncomingMessage.<anonymous> (/Users/orta/.asdf/installs/nodejs/10.16.0/.npm/lib/node_modules/yarn/lib/cli.js:130484:12)
      at Object.onceWrapper (events.js:286:20)
      at IncomingMessage.emit (events.js:203:15)
      at endReadableNT (_stream_readable.js:1129:12)
      at process._tickCallback (internal/process/next_tick.js:63:19)

npm manifest: 
  {
    "name": "other",
    "version": "1.0.0",
    "main": "index.js",
    "license": "MIT"
  }

yarn manifest: 
  No manifest

Lockfile: 
  No lockfile
